#
# There is insufficient memory for the Java Runtime Environment to continue.
# Native memory allocation (malloc) failed to allocate 1656750080 bytes for committing reserved memory.
# Possible reasons:
#   The system is out of physical RAM or swap space
#   In 32 bit mode, the process size limit was hit
# Possible solutions:
#   Reduce memory load on the system
#   Increase physical memory or swap space
#   Check if swap backing store is full
#   Use 64 bit Java on a 64 bit OS
#   Decrease Java heap size (-Xmx/-Xms)
#   Decrease number of Java threads
#   Decrease Java thread stack sizes (-Xss)
#   Set larger code cache with -XX:ReservedCodeCacheSize=
# This output file may be truncated or incomplete.
#
#  Out of Memory Error (os_linux.cpp:2761), pid=27500, tid=140727381812992
#
# JRE version: OpenJDK Runtime Environment (7.0_51) (build 1.7.0_51-b00)
# Java VM: OpenJDK 64-Bit Server VM (24.45-b08 mixed mode linux-amd64 compressed oops)
# Failed to write core dump. Core dumps have been disabled. To enable core dumping, try "ulimit -c unlimited" before starting Java again
#

---------------  T H R E A D  ---------------

Current thread (0x00007ffdb4081000):  VMThread [stack: 0x00007ffda58a6000,0x00007ffda59a7000] [id=27517]

Stack: [0x00007ffda58a6000,0x00007ffda59a7000],  sp=0x00007ffda59a5480,  free space=1021k
Native frames: (J=compiled Java code, j=interpreted, Vv=VM code, C=native code)
V  [libjvm.so+0x8f7825]  VMError::report_and_die()+0x175
V  [libjvm.so+0x46a1f0]  report_vm_out_of_memory(char const*, int, unsigned long, char const*)+0x70
V  [libjvm.so+0x786822]  os::Linux::commit_memory_impl(char*, unsigned long, unsigned long, bool)+0x1e2
V  [libjvm.so+0x78683c]  os::pd_commit_memory(char*, unsigned long, unsigned long, bool)+0xc
V  [libjvm.so+0x780c46]  os::commit_memory(char*, unsigned long, unsigned long, bool)+0x26
V  [libjvm.so+0x7ebbbb]  PSVirtualSpace::expand_by(unsigned long)+0x6b
V  [libjvm.so+0x7dbedc]  PSOldGen::expand(unsigned long) [clone .part.81]+0x1ac
V  [libjvm.so+0x7dcda0]  PSOldGen::resize(unsigned long)+0x1e0
V  [libjvm.so+0x7e5124]  PSParallelCompact::invoke_no_policy(bool)+0x954
V  [libjvm.so+0x7ea38d]  PSScavenge::invoke()+0x18d
V  [libjvm.so+0x7a334e]  ParallelScavengeHeap::failed_mem_allocate(unsigned long)+0x6e
V  [libjvm.so+0x8f92c0]  VM_ParallelGCFailedAllocation::doit()+0x90
V  [libjvm.so+0x8fd952]  VM_Operation::evaluate()+0x52
V  [libjvm.so+0x8fc2d8]  VMThread::evaluate_operation(VM_Operation*)+0x318
V  [libjvm.so+0x8fc6fe]  VMThread::loop()+0x1ee
V  [libjvm.so+0x8fcb42]  VMThread::run()+0x72
V  [libjvm.so+0x783762]  java_start(Thread*)+0xf2

VM_Operation (0x00007ffdbc8d01b0): ParallelGCFailedAllocation, mode: safepoint, requested by thread 0x00007ffdb400d000


---------------  P R O C E S S  ---------------

Java Threads: ( => current thread )
  0x00007ffdb40c2000 JavaThread "Service Thread" daemon [_thread_blocked, id=27531, stack(0x00007ffda4d98000,0x00007ffda4e99000)]
  0x00007ffdb40c0000 JavaThread "C2 CompilerThread1" daemon [_thread_blocked, id=27530, stack(0x00007ffda4e99000,0x00007ffda4f9a000)]
  0x00007ffdb40bd000 JavaThread "C2 CompilerThread0" daemon [_thread_blocked, id=27529, stack(0x00007ffda4f9a000,0x00007ffda509b000)]
  0x00007ffd3c001000 JavaThread "JDWP Command Reader" daemon [_thread_in_native, id=27524, stack(0x00007ffda509b000,0x00007ffda519c000)]
  0x00007ffdb40ba800 JavaThread "JDWP Event Helper Thread" daemon [_thread_blocked, id=27523, stack(0x00007ffda519c000,0x00007ffda529d000)]
  0x00007ffdb40b7000 JavaThread "JDWP Transport Listener: dt_socket" daemon [_thread_blocked, id=27522, stack(0x00007ffda529d000,0x00007ffda539e000)]
  0x00007ffdb40aa000 JavaThread "Signal Dispatcher" daemon [_thread_blocked, id=27520, stack(0x00007ffda55a3000,0x00007ffda56a4000)]
  0x00007ffdb4087800 JavaThread "Finalizer" daemon [_thread_blocked, id=27519, stack(0x00007ffda56a4000,0x00007ffda57a5000)]
  0x00007ffdb4085800 JavaThread "Reference Handler" daemon [_thread_blocked, id=27518, stack(0x00007ffda57a5000,0x00007ffda58a6000)]
  0x00007ffdb400d000 JavaThread "main" [_thread_blocked, id=27507, stack(0x00007ffdbc7d1000,0x00007ffdbc8d2000)]

Other Threads:
=>0x00007ffdb4081000 VMThread [stack: 0x00007ffda58a6000,0x00007ffda59a7000] [id=27517]
  0x00007ffdb40cc800 WatcherThread [stack: 0x00007ffda4c97000,0x00007ffda4d98000] [id=27532]

VM state:at safepoint (normal execution)

VM Mutex/Monitor currently owned by a thread:  ([mutex/lock_event])
[0x00007ffdb4009130] ExpandHeap_lock - owner thread: 0x00007ffdb4081000
[0x00007ffdb40097b0] Threads_lock - owner thread: 0x00007ffdb4081000
[0x00007ffdb4009cb0] Heap_lock - owner thread: 0x00007ffdb400d000

Heap
 PSYoungGen      total 3387904K, used 794827K [0x00000006aaa80000, 0x0000000800000000, 0x0000000800000000)
  eden space 2250240K, 0% used [0x00000006aaa80000,0x00000006aaa80000,0x0000000734000000)
  from space 1137664K, 69% used [0x0000000734000000,0x0000000764832e90,0x0000000779700000)
  to   space 1729024K, 0% used [0x0000000796780000,0x0000000796780000,0x0000000800000000)
 ParOldGen       total 5178368K, used 5178020K [0x0000000400000000, 0x000000053c100000, 0x00000006aaa80000)
  object space 5178368K, 99% used [0x0000000400000000,0x000000053c0a9210,0x000000053c100000)
 PSPermGen       total 21504K, used 4856K [0x00000003f5a00000, 0x00000003f6f00000, 0x0000000400000000)
  object space 21504K, 22% used [0x00000003f5a00000,0x00000003f5ebe180,0x00000003f6f00000)

Card table byte_map: [0x00007ffdaefac000,0x00007ffdb1000000] byte_map_base: 0x00007ffdacfff000

Polling page: 0x00007ffdbc8fe000

Code Cache  [0x00007ffdb1000000, 0x00007ffdb1270000, 0x00007ffdb4000000)
 total_blobs=578 nmethods=377 adapters=162 free_code_cache=47036Kb largest_free_block=48128384

Compilation events (10 events):
Event: 1209.588 Thread 0x00007ffdb40bd000  394             burlap.behavior.singleagent.planning.OOMDPPlanner::stateHash (11 bytes)
Event: 1209.600 Thread 0x00007ffdb40bd000 nmethod 394 0x00007ffdb11fbf50 code [0x00007ffdb11fc0a0, 0x00007ffdb11fc188]
Event: 1210.220 Thread 0x00007ffdb40c0000  395             java.util.Random::nextInt (60 bytes)
Event: 1210.273 Thread 0x00007ffdb40c0000 nmethod 395 0x00007ffdb11fb610 code [0x00007ffdb11fb780, 0x00007ffdb11fbb78]
Event: 1214.953 Thread 0x00007ffdb40bd000  396             java.util.TreeMap::setColor (10 bytes)
Event: 1214.954 Thread 0x00007ffdb40bd000 nmethod 396 0x00007ffdb11f6190 code [0x00007ffdb11f62c0, 0x00007ffdb11f6318]
Event: 1216.816 Thread 0x00007ffdb40c0000  397             java.lang.Math::max (45 bytes)
Event: 1216.821 Thread 0x00007ffdb40c0000 nmethod 397 0x00007ffdb1088050 code [0x00007ffdb10881a0, 0x00007ffdb1088238]
Event: 1224.766 Thread 0x00007ffdb40bd000  398             burlap.oomdp.singleagent.GroundedAction::executeIn (13 bytes)
Event: 1224.788 Thread 0x00007ffdb40bd000 nmethod 398 0x00007ffdb1202ed0 code [0x00007ffdb12030a0, 0x00007ffdb12035e8]

GC Heap History (10 events):
Event: 1205.132 GC heap after
Heap after GC invocations=36 (full 5):
 PSYoungGen      total 4424704K, used 904256K [0x00000006aaa80000, 0x0000000800000000, 0x0000000800000000)
  eden space 3520000K, 0% used [0x00000006aaa80000,0x00000006aaa80000,0x0000000781800000)
  from space 904704K, 99% used [0x0000000781800000,0x00000007b8b10000,0x00000007b8b80000)
  to   space 1137152K, 0% used [0x00000007ba980000,0x00000007ba980000,0x0000000800000000)
 ParOldGen       total 5178368K, used 4435016K [0x0000000400000000, 0x000000053c100000, 0x00000006aaa80000)
  object space 5178368K, 85% used [0x0000000400000000,0x000000050eb123e0,0x000000053c100000)
 PSPermGen       total 21504K, used 4856K [0x00000003f5a00000, 0x00000003f6f00000, 0x0000000400000000)
  object space 21504K, 22% used [0x00000003f5a00000,0x00000003f5ebe008,0x00000003f6f00000)
}
Event: 1211.490 GC heap before
{Heap before GC invocations=37 (full 5):
 PSYoungGen      total 4424704K, used 4424256K [0x00000006aaa80000, 0x0000000800000000, 0x0000000800000000)
  eden space 3520000K, 100% used [0x00000006aaa80000,0x0000000781800000,0x0000000781800000)
  from space 904704K, 99% used [0x0000000781800000,0x00000007b8b10000,0x00000007b8b80000)
  to   space 1137152K, 0% used [0x00000007ba980000,0x00000007ba980000,0x0000000800000000)
 ParOldGen       total 5178368K, used 4435016K [0x0000000400000000, 0x000000053c100000, 0x00000006aaa80000)
  object space 5178368K, 85% used [0x0000000400000000,0x000000050eb123e0,0x000000053c100000)
 PSPermGen       total 21504K, used 4856K [0x00000003f5a00000, 0x00000003f6f00000, 0x0000000400000000)
  object space 21504K, 22% used [0x00000003f5a00000,0x00000003f5ebe008,0x00000003f6f00000)
Event: 1212.258 GC heap after
Heap after GC invocations=37 (full 5):
 PSYoungGen      total 4156416K, used 1093248K [0x00000006aaa80000, 0x0000000800000000, 0x0000000800000000)
  eden space 3019264K, 0% used [0x00000006aaa80000,0x00000006aaa80000,0x0000000762f00000)
  from space 1137152K, 96% used [0x00000007ba980000,0x00000007fd520000,0x0000000800000000)
  to   space 1286656K, 0% used [0x0000000762f00000,0x0000000762f00000,0x00000007b1780000)
 ParOldGen       total 5178368K, used 4435016K [0x0000000400000000, 0x000000053c100000, 0x00000006aaa80000)
  object space 5178368K, 85% used [0x0000000400000000,0x000000050eb123e0,0x000000053c100000)
 PSPermGen       total 21504K, used 4856K [0x00000003f5a00000, 0x00000003f6f00000, 0x0000000400000000)
  object space 21504K, 22% used [0x00000003f5a00000,0x00000003f5ebe008,0x00000003f6f00000)
}
Event: 1217.096 GC heap before
{Heap before GC invocations=38 (full 5):
 PSYoungGen      total 4156416K, used 4112512K [0x00000006aaa80000, 0x0000000800000000, 0x0000000800000000)
  eden space 3019264K, 100% used [0x00000006aaa80000,0x0000000762f00000,0x0000000762f00000)
  from space 1137152K, 96% used [0x00000007ba980000,0x00000007fd520000,0x0000000800000000)
  to   space 1286656K, 0% used [0x0000000762f00000,0x0000000762f00000,0x00000007b1780000)
 ParOldGen       total 5178368K, used 4435016K [0x0000000400000000, 0x000000053c100000, 0x00000006aaa80000)
  object space 5178368K, 85% used [0x0000000400000000,0x000000050eb123e0,0x000000053c100000)
 PSPermGen       total 21504K, used 4856K [0x00000003f5a00000, 0x00000003f6f00000, 0x0000000400000000)
  object space 21504K, 22% used [0x00000003f5a00000,0x00000003f5ebe008,0x00000003f6f00000)
Event: 1217.944 GC heap after
Heap after GC invocations=38 (full 5):
 PSYoungGen      total 4276224K, used 1256704K [0x00000006aaa80000, 0x0000000800000000, 0x0000000800000000)
  eden space 3019264K, 0% used [0x00000006aaa80000,0x00000006aaa80000,0x0000000762f00000)
  from space 1256960K, 99% used [0x0000000762f00000,0x00000007afa40000,0x00000007afa80000)
  to   space 1316352K, 0% used [0x00000007afa80000,0x00000007afa80000,0x0000000800000000)
 ParOldGen       total 5178368K, used 4435016K [0x0000000400000000, 0x000000053c100000, 0x00000006aaa80000)
  object space 5178368K, 85% used [0x0000000400000000,0x000000050eb123e0,0x000000053c100000)
 PSPermGen       total 21504K, used 4856K [0x00000003f5a00000, 0x00000003f6f00000, 0x0000000400000000)
  object space 21504K, 22% used [0x00000003f5a00000,0x00000003f5ebe008,0x00000003f6f00000)
}
Event: 1223.219 GC heap before
{Heap before GC invocations=39 (full 5):
 PSYoungGen      total 4276224K, used 4275968K [0x00000006aaa80000, 0x0000000800000000, 0x0000000800000000)
  eden space 3019264K, 100% used [0x00000006aaa80000,0x0000000762f00000,0x0000000762f00000)
  from space 1256960K, 99% used [0x0000000762f00000,0x00000007afa40000,0x00000007afa80000)
  to   space 1316352K, 0% used [0x00000007afa80000,0x00000007afa80000,0x0000000800000000)
 ParOldGen       total 5178368K, used 4435016K [0x0000000400000000, 0x000000053c100000, 0x00000006aaa80000)
  object space 5178368K, 85% used [0x0000000400000000,0x000000050eb123e0,0x000000053c100000)
 PSPermGen       total 21504K, used 4856K [0x00000003f5a00000, 0x00000003f6f00000, 0x0000000400000000)
  object space 21504K, 22% used [0x00000003f5a00000,0x00000003f5ebe180,0x00000003f6f00000)
Event: 1224.274 GC heap after
Heap after GC invocations=39 (full 5):
 PSYoungGen      total 3566592K, used 1316352K [0x00000006aaa80000, 0x0000000800000000, 0x0000000800000000)
  eden space 2250240K, 0% used [0x00000006aaa80000,0x00000006aaa80000,0x0000000734000000)
  from space 1316352K, 100% used [0x00000007afa80000,0x0000000800000000,0x0000000800000000)
  to   space 1671168K, 0% used [0x0000000734000000,0x0000000734000000,0x000000079a000000)
 ParOldGen       total 5178368K, used 4540064K [0x0000000400000000, 0x000000053c100000, 0x00000006aaa80000)
  object space 5178368K, 87% used [0x0000000400000000,0x00000005151a83e0,0x000000053c100000)
 PSPermGen       total 21504K, used 4856K [0x00000003f5a00000, 0x00000003f6f00000, 0x0000000400000000)
  object space 21504K, 22% used [0x00000003f5a00000,0x00000003f5ebe180,0x00000003f6f00000)
}
Event: 1228.087 GC heap before
{Heap before GC invocations=40 (full 5):
 PSYoungGen      total 3566592K, used 3566592K [0x00000006aaa80000, 0x0000000800000000, 0x0000000800000000)
  eden space 2250240K, 100% used [0x00000006aaa80000,0x0000000734000000,0x0000000734000000)
  from space 1316352K, 100% used [0x00000007afa80000,0x0000000800000000,0x0000000800000000)
  to   space 1671168K, 0% used [0x0000000734000000,0x0000000734000000,0x000000079a000000)
 ParOldGen       total 5178368K, used 4540064K [0x0000000400000000, 0x000000053c100000, 0x00000006aaa80000)
  object space 5178368K, 87% used [0x0000000400000000,0x00000005151a83e0,0x000000053c100000)
 PSPermGen       total 21504K, used 4856K [0x00000003f5a00000, 0x00000003f6f00000, 0x0000000400000000)
  object space 21504K, 22% used [0x00000003f5a00000,0x00000003f5ebe180,0x00000003f6f00000)
Event: 1229.586 GC heap after
Heap after GC invocations=40 (full 5):
 PSYoungGen      total 3387904K, used 1137184K [0x00000006aaa80000, 0x0000000800000000, 0x0000000800000000)
  eden space 2250240K, 0% used [0x00000006aaa80000,0x00000006aaa80000,0x0000000734000000)
  from space 1137664K, 99% used [0x0000000734000000,0x0000000779688000,0x0000000779700000)
  to   space 1729024K, 0% used [0x0000000796780000,0x0000000796780000,0x0000000800000000)
 ParOldGen       total 5178368K, used 4841144K [0x0000000400000000, 0x000000053c100000, 0x00000006aaa80000)
  object space 5178368K, 93% used [0x0000000400000000,0x00000005277ae3e0,0x000000053c100000)
 PSPermGen       total 21504K, used 4856K [0x00000003f5a00000, 0x00000003f6f00000, 0x0000000400000000)
  object space 21504K, 22% used [0x00000003f5a00000,0x00000003f5ebe180,0x00000003f6f00000)
}
Event: 1229.586 GC heap before
{Heap before GC invocations=41 (full 6):
 PSYoungGen      total 3387904K, used 1137184K [0x00000006aaa80000, 0x0000000800000000, 0x0000000800000000)
  eden space 2250240K, 0% used [0x00000006aaa80000,0x00000006aaa80000,0x0000000734000000)
  from space 1137664K, 99% used [0x0000000734000000,0x0000000779688000,0x0000000779700000)
  to   space 1729024K, 0% used [0x0000000796780000,0x0000000796780000,0x0000000800000000)
 ParOldGen       total 5178368K, used 4841144K [0x0000000400000000, 0x000000053c100000, 0x00000006aaa80000)
  object space 5178368K, 93% used [0x0000000400000000,0x00000005277ae3e0,0x000000053c100000)
 PSPermGen       total 21504K, used 4856K [0x00000003f5a00000, 0x00000003f6f00000, 0x0000000400000000)
  object space 21504K, 22% used [0x00000003f5a00000,0x00000003f5ebe180,0x00000003f6f00000)

Deoptimization events (10 events):
Event: 304.459 Thread 0x00007ffdb400d000 Uncommon trap: reason=unreached action=reinterpret pc=0x00007ffdb108b394 method=java.util.TreeMap.successor(Ljava/util/TreeMap$Entry;)Ljava/util/TreeMap$Entry; @ 22
Event: 304.604 Thread 0x00007ffdb400d000 Uncommon trap: reason=unreached action=reinterpret pc=0x00007ffdb1110bcc method=burlap.behavior.statehashing.NameDependentStateHashFactory.addNewObjectNames(Lburlap/oomdp/core/State;Ljava/util/List;)V @ 39
Event: 306.351 Thread 0x00007ffdb400d000 Uncommon trap: reason=class_check action=maybe_recompile pc=0x00007ffdb1094e58 method=java.lang.String.valueOf(Ljava/lang/Object;)Ljava/lang/String; @ 10
Event: 306.351 Thread 0x00007ffdb400d000 Uncommon trap: reason=class_check action=maybe_recompile pc=0x00007ffdb1094e58 method=java.lang.String.valueOf(Ljava/lang/Object;)Ljava/lang/String; @ 10
Event: 306.351 Thread 0x00007ffdb400d000 Uncommon trap: reason=class_check action=maybe_recompile pc=0x00007ffdb1094e58 method=java.lang.String.valueOf(Ljava/lang/Object;)Ljava/lang/String; @ 10
Event: 306.352 Thread 0x00007ffdb400d000 Uncommon trap: reason=class_check action=maybe_recompile pc=0x00007ffdb1094e58 method=java.lang.String.valueOf(Ljava/lang/Object;)Ljava/lang/String; @ 10
Event: 306.394 Thread 0x00007ffdb400d000 Uncommon trap: reason=unreached action=reinterpret pc=0x00007ffdb10e9d54 method=java.util.TreeMap.successor(Ljava/util/TreeMap$Entry;)Ljava/util/TreeMap$Entry; @ 22
Event: 306.401 Thread 0x00007ffdb400d000 Uncommon trap: reason=unreached action=reinterpret pc=0x00007ffdb10a5364 method=java.util.TreeMap.successor(Ljava/util/TreeMap$Entry;)Ljava/util/TreeMap$Entry; @ 22
Event: 307.276 Thread 0x00007ffdb400d000 Uncommon trap: reason=unreached action=reinterpret pc=0x00007ffdb10e3d00 method=java.util.HashMap$HashIterator.nextEntry()Ljava/util/HashMap$Entry; @ 48
Event: 393.766 Thread 0x00007ffdb400d000 Uncommon trap: reason=unreached action=reinterpret pc=0x00007ffdb108d8e0 method=java.util.TreeMap.successor(Ljava/util/TreeMap$Entry;)Ljava/util/TreeMap$Entry; @ 22

Internal exceptions (10 events):
Event: 303.757 Thread 0x00007ffdb400d000 Threw 0x00000006ab7890c8 at /build/buildd/openjdk-7-7u51-2.4.4/build/openjdk/hotspot/src/share/vm/prims/jvm.cpp:1244
Event: 303.758 Thread 0x00007ffdb400d000 Threw 0x00000006ab78e028 at /build/buildd/openjdk-7-7u51-2.4.4/build/openjdk/hotspot/src/share/vm/prims/jvm.cpp:1244
Event: 303.762 Thread 0x00007ffdb400d000 Threw 0x00000006ab7c6740 at /build/buildd/openjdk-7-7u51-2.4.4/build/openjdk/hotspot/src/share/vm/prims/jvm.cpp:1244
Event: 303.786 Thread 0x00007ffdb400d000 Threw 0x00000006ab88e790 at /build/buildd/openjdk-7-7u51-2.4.4/build/openjdk/hotspot/src/share/vm/prims/jvm.cpp:1244
Event: 303.824 Thread 0x00007ffdb400d000 Threw 0x00000006ab897b30 at /build/buildd/openjdk-7-7u51-2.4.4/build/openjdk/hotspot/src/share/vm/prims/jvm.cpp:1244
Event: 303.828 Thread 0x00007ffdb400d000 Threw 0x00000006ab89b550 at /build/buildd/openjdk-7-7u51-2.4.4/build/openjdk/hotspot/src/share/vm/prims/jvm.cpp:1244
Event: 303.847 Thread 0x00007ffdb400d000 Threw 0x00000006ab9964d0 at /build/buildd/openjdk-7-7u51-2.4.4/build/openjdk/hotspot/src/share/vm/prims/jvm.cpp:1244
Event: 304.169 Thread 0x00007ffdb400d000 Implicit null exception at 0x00007ffdb1099d73 to 0x00007ffdb1099df2
Event: 304.180 Thread 0x00007ffdb400d000 Implicit null exception at 0x00007ffdb108c903 to 0x00007ffdb108cc01
Event: 304.269 Thread 0x00007ffdb400d000 Implicit null exception at 0x00007ffdb10d8f4b to 0x00007ffdb10d9b51

Events (10 events):
Event: 1197.741 Executing VM operation: ParallelGCFailedAllocation done
Event: 1204.031 Executing VM operation: ParallelGCFailedAllocation
Event: 1205.132 Executing VM operation: ParallelGCFailedAllocation done
Event: 1211.488 Executing VM operation: ParallelGCFailedAllocation
Event: 1212.258 Executing VM operation: ParallelGCFailedAllocation done
Event: 1217.094 Executing VM operation: ParallelGCFailedAllocation
Event: 1217.944 Executing VM operation: ParallelGCFailedAllocation done
Event: 1223.218 Executing VM operation: ParallelGCFailedAllocation
Event: 1224.274 Executing VM operation: ParallelGCFailedAllocation done
Event: 1228.075 Executing VM operation: ParallelGCFailedAllocation


Dynamic libraries:
00400000-00401000 r-xp 00000000 08:12 6568593                            /usr/lib/jvm/java-7-openjdk-amd64/jre/bin/java
00600000-00601000 r--p 00000000 08:12 6568593                            /usr/lib/jvm/java-7-openjdk-amd64/jre/bin/java
00601000-00602000 rw-p 00001000 08:12 6568593                            /usr/lib/jvm/java-7-openjdk-amd64/jre/bin/java
00fc5000-00fe6000 rw-p 00000000 00:00 0                                  [heap]
3f5a00000-3f6f00000 rw-p 00000000 00:00 0 
3f6f00000-400000000 rw-p 00000000 00:00 0 
400000000-53c100000 rw-p 00000000 00:00 0 
59ed00000-6aaa80000 rw-p 00000000 00:00 0 
6aaa80000-800000000 rw-p 00000000 00:00 0 
7ffd20000000-7ffd20021000 rw-p 00000000 00:00 0 
7ffd20021000-7ffd24000000 ---p 00000000 00:00 0 
7ffd24000000-7ffd24021000 rw-p 00000000 00:00 0 
7ffd24021000-7ffd28000000 ---p 00000000 00:00 0 
7ffd28000000-7ffd2a194000 rw-p 00000000 00:00 0 
7ffd2a194000-7ffd2c000000 ---p 00000000 00:00 0 
7ffd2c000000-7ffd2d1ac000 rw-p 00000000 00:00 0 
7ffd2d1ac000-7ffd30000000 ---p 00000000 00:00 0 
7ffd30000000-7ffd30021000 rw-p 00000000 00:00 0 
7ffd30021000-7ffd34000000 ---p 00000000 00:00 0 
7ffd34000000-7ffd34021000 rw-p 00000000 00:00 0 
7ffd34021000-7ffd38000000 ---p 00000000 00:00 0 
7ffd38000000-7ffd38021000 rw-p 00000000 00:00 0 
7ffd38021000-7ffd3c000000 ---p 00000000 00:00 0 
7ffd3c000000-7ffd3c022000 rw-p 00000000 00:00 0 
7ffd3c022000-7ffd40000000 ---p 00000000 00:00 0 
7ffd40000000-7ffd40021000 rw-p 00000000 00:00 0 
7ffd40021000-7ffd44000000 ---p 00000000 00:00 0 
7ffd44000000-7ffd44021000 rw-p 00000000 00:00 0 
7ffd44021000-7ffd48000000 ---p 00000000 00:00 0 
7ffd48000000-7ffd48267000 rw-p 00000000 00:00 0 
7ffd48267000-7ffd4c000000 ---p 00000000 00:00 0 
7ffd4fad0000-7ffd70000000 rw-p 00000000 00:00 0 
7ffd70000000-7ffd70021000 rw-p 00000000 00:00 0 
7ffd70021000-7ffd74000000 ---p 00000000 00:00 0 
7ffd78000000-7ffd78021000 rw-p 00000000 00:00 0 
7ffd78021000-7ffd7c000000 ---p 00000000 00:00 0 
7ffd80000000-7ffd80021000 rw-p 00000000 00:00 0 
7ffd80021000-7ffd84000000 ---p 00000000 00:00 0 
7ffd88000000-7ffd88021000 rw-p 00000000 00:00 0 
7ffd88021000-7ffd8c000000 ---p 00000000 00:00 0 
7ffd90000000-7ffd90021000 rw-p 00000000 00:00 0 
7ffd90021000-7ffd94000000 ---p 00000000 00:00 0 
7ffd98000000-7ffd98021000 rw-p 00000000 00:00 0 
7ffd98021000-7ffd9c000000 ---p 00000000 00:00 0 
7ffda0000000-7ffda0021000 rw-p 00000000 00:00 0 
7ffda0021000-7ffda4000000 ---p 00000000 00:00 0 
7ffda4c97000-7ffda4c98000 ---p 00000000 00:00 0 
7ffda4c98000-7ffda4d98000 rw-p 00000000 00:00 0                          [stack:27532]
7ffda4d98000-7ffda4d9b000 ---p 00000000 00:00 0 
7ffda4d9b000-7ffda4e99000 rw-p 00000000 00:00 0                          [stack:27531]
7ffda4e99000-7ffda4e9c000 ---p 00000000 00:00 0 
7ffda4e9c000-7ffda4f9a000 rw-p 00000000 00:00 0                          [stack:27530]
7ffda4f9a000-7ffda4f9d000 ---p 00000000 00:00 0 
7ffda4f9d000-7ffda509b000 rw-p 00000000 00:00 0                          [stack:27529]
7ffda509b000-7ffda509e000 ---p 00000000 00:00 0 
7ffda509e000-7ffda519c000 rw-p 00000000 00:00 0                          [stack:27524]
7ffda519c000-7ffda519f000 ---p 00000000 00:00 0 
7ffda519f000-7ffda529d000 rw-p 00000000 00:00 0                          [stack:27523]
7ffda529d000-7ffda52a0000 ---p 00000000 00:00 0 
7ffda52a0000-7ffda539e000 rw-p 00000000 00:00 0                          [stack:27522]
7ffda539e000-7ffda53a2000 r-xp 00000000 08:12 6696161                    /usr/lib/jvm/java-7-openjdk-amd64/jre/lib/amd64/libdt_socket.so
7ffda53a2000-7ffda55a1000 ---p 00004000 08:12 6696161                    /usr/lib/jvm/java-7-openjdk-amd64/jre/lib/amd64/libdt_socket.so
7ffda55a1000-7ffda55a2000 r--p 00003000 08:12 6696161                    /usr/lib/jvm/java-7-openjdk-amd64/jre/lib/amd64/libdt_socket.so
7ffda55a2000-7ffda55a3000 rw-p 00004000 08:12 6696161                    /usr/lib/jvm/java-7-openjdk-amd64/jre/lib/amd64/libdt_socket.so
7ffda55a3000-7ffda55a6000 ---p 00000000 00:00 0 
7ffda55a6000-7ffda56a4000 rw-p 00000000 00:00 0                          [stack:27520]
7ffda56a4000-7ffda56a7000 ---p 00000000 00:00 0 
7ffda56a7000-7ffda57a5000 rw-p 00000000 00:00 0                          [stack:27519]
7ffda57a5000-7ffda57a8000 ---p 00000000 00:00 0 
7ffda57a8000-7ffda58a6000 rw-p 00000000 00:00 0                          [stack:27518]
7ffda58a6000-7ffda58a7000 ---p 00000000 00:00 0 
7ffda58a7000-7ffda8000000 rw-p 00000000 00:00 0                          [stack:27517]
7ffda8000000-7ffda8021000 rw-p 00000000 00:00 0 
7ffda8021000-7ffdac000000 ---p 00000000 00:00 0 
7ffdac0de000-7ffdad764000 rw-p 00000000 00:00 0 
7ffdad764000-7ffdad912000 r--s 01cf4000 08:12 6567356                    /usr/lib/jvm/java-7-openjdk-amd64/jre/lib/rt.jar
7ffdad912000-7ffdae437000 rw-p 00000000 00:00 0 
7ffdae437000-7ffdaefac000 rw-p 00000000 00:00 0 
7ffdaefac000-7ffdaefb7000 rw-p 00000000 00:00 0 
7ffdaefb7000-7ffdaefff000 rw-p 00000000 00:00 0 
7ffdaefff000-7ffdaf9e0000 rw-p 00000000 00:00 0 
7ffdaf9e0000-7ffdb0554000 rw-p 00000000 00:00 0 
7ffdb0554000-7ffdb0fff000 rw-p 00000000 00:00 0 
7ffdb0fff000-7ffdb1000000 rw-p 00000000 00:00 0 
7ffdb1000000-7ffdb1270000 rwxp 00000000 00:00 0 
7ffdb1270000-7ffdb41f7000 rw-p 00000000 00:00 0 
7ffdb41f7000-7ffdb8000000 ---p 00000000 00:00 0 
7ffdb8005000-7ffdb80fe000 rw-p 00000000 00:00 0 
7ffdb80fe000-7ffdb80ff000 ---p 00000000 00:00 0 
7ffdb80ff000-7ffdb81ff000 rw-p 00000000 00:00 0                          [stack:27515]
7ffdb81ff000-7ffdb8200000 ---p 00000000 00:00 0 
7ffdb8200000-7ffdb8300000 rw-p 00000000 00:00 0                          [stack:27514]
7ffdb8300000-7ffdb8301000 ---p 00000000 00:00 0 
7ffdb8301000-7ffdb8401000 rw-p 00000000 00:00 0                          [stack:27513]
7ffdb8401000-7ffdb8402000 ---p 00000000 00:00 0 
7ffdb8402000-7ffdb8502000 rw-p 00000000 00:00 0                          [stack:27512]
7ffdb8502000-7ffdb8503000 ---p 00000000 00:00 0 
7ffdb8503000-7ffdb8603000 rw-p 00000000 00:00 0                          [stack:27511]
7ffdb8603000-7ffdb8604000 ---p 00000000 00:00 0 
7ffdb8604000-7ffdb8704000 rw-p 00000000 00:00 0                          [stack:27510]
7ffdb8704000-7ffdb8705000 ---p 00000000 00:00 0 
7ffdb8705000-7ffdb8805000 rw-p 00000000 00:00 0                          [stack:27509]
7ffdb8805000-7ffdb8806000 ---p 00000000 00:00 0 
7ffdb8806000-7ffdb8911000 rw-p 00000000 00:00 0                          [stack:27508]
7ffdb8911000-7ffdb8959000 rw-p 00000000 00:00 0 
7ffdb8959000-7ffdb8961000 r-xp 00000000 08:12 6696163                    /usr/lib/jvm/java-7-openjdk-amd64/jre/lib/amd64/libzip.so
7ffdb8961000-7ffdb8b60000 ---p 00008000 08:12 6696163                    /usr/lib/jvm/java-7-openjdk-amd64/jre/lib/amd64/libzip.so
7ffdb8b60000-7ffdb8b61000 r--p 00007000 08:12 6696163                    /usr/lib/jvm/java-7-openjdk-amd64/jre/lib/amd64/libzip.so
7ffdb8b61000-7ffdb8b62000 rw-p 00008000 08:12 6696163                    /usr/lib/jvm/java-7-openjdk-amd64/jre/lib/amd64/libzip.so
7ffdb8b62000-7ffdb8b6e000 r-xp 00000000 08:12 4460156                    /lib/x86_64-linux-gnu/libnss_files-2.17.so
7ffdb8b6e000-7ffdb8d6d000 ---p 0000c000 08:12 4460156                    /lib/x86_64-linux-gnu/libnss_files-2.17.so
7ffdb8d6d000-7ffdb8d6e000 r--p 0000b000 08:12 4460156                    /lib/x86_64-linux-gnu/libnss_files-2.17.so
7ffdb8d6e000-7ffdb8d6f000 rw-p 0000c000 08:12 4460156                    /lib/x86_64-linux-gnu/libnss_files-2.17.so
7ffdb8d6f000-7ffdb8d7a000 r-xp 00000000 08:12 4461547                    /lib/x86_64-linux-gnu/libnss_nis-2.17.so
7ffdb8d7a000-7ffdb8f79000 ---p 0000b000 08:12 4461547                    /lib/x86_64-linux-gnu/libnss_nis-2.17.so
7ffdb8f79000-7ffdb8f7a000 r--p 0000a000 08:12 4461547                    /lib/x86_64-linux-gnu/libnss_nis-2.17.so
7ffdb8f7a000-7ffdb8f7b000 rw-p 0000b000 08:12 4461547                    /lib/x86_64-linux-gnu/libnss_nis-2.17.so
7ffdb8f7b000-7ffdb8f92000 r-xp 00000000 08:12 4456555                    /lib/x86_64-linux-gnu/libnsl-2.17.so
7ffdb8f92000-7ffdb9191000 ---p 00017000 08:12 4456555                    /lib/x86_64-linux-gnu/libnsl-2.17.so
7ffdb9191000-7ffdb9192000 r--p 00016000 08:12 4456555                    /lib/x86_64-linux-gnu/libnsl-2.17.so
7ffdb9192000-7ffdb9193000 rw-p 00017000 08:12 4456555                    /lib/x86_64-linux-gnu/libnsl-2.17.so
7ffdb9193000-7ffdb9195000 rw-p 00000000 00:00 0 
7ffdb9195000-7ffdb919d000 r-xp 00000000 08:12 4461549                    /lib/x86_64-linux-gnu/libnss_compat-2.17.so
7ffdb919d000-7ffdb939c000 ---p 00008000 08:12 4461549                    /lib/x86_64-linux-gnu/libnss_compat-2.17.so
7ffdb939c000-7ffdb939d000 r--p 00007000 08:12 4461549                    /lib/x86_64-linux-gnu/libnss_compat-2.17.so
7ffdb939d000-7ffdb939e000 rw-p 00008000 08:12 4461549                    /lib/x86_64-linux-gnu/libnss_compat-2.17.so
7ffdb939e000-7ffdb9a7f000 r--p 00000000 08:12 6559790                    /usr/lib/locale/locale-archive
7ffdb9a7f000-7ffdb9a82000 r-xp 00000000 08:12 6694667                    /usr/lib/jvm/java-7-openjdk-amd64/jre/lib/amd64/libnpt.so
7ffdb9a82000-7ffdb9c81000 ---p 00003000 08:12 6694667                    /usr/lib/jvm/java-7-openjdk-amd64/jre/lib/amd64/libnpt.so
7ffdb9c81000-7ffdb9c82000 r--p 00002000 08:12 6694667                    /usr/lib/jvm/java-7-openjdk-amd64/jre/lib/amd64/libnpt.so
7ffdb9c82000-7ffdb9c83000 rw-p 00003000 08:12 6694667                    /usr/lib/jvm/java-7-openjdk-amd64/jre/lib/amd64/libnpt.so
7ffdb9c83000-7ffdb9cbd000 r-xp 00000000 08:12 6694676                    /usr/lib/jvm/java-7-openjdk-amd64/jre/lib/amd64/libjdwp.so
7ffdb9cbd000-7ffdb9ebc000 ---p 0003a000 08:12 6694676                    /usr/lib/jvm/java-7-openjdk-amd64/jre/lib/amd64/libjdwp.so
7ffdb9ebc000-7ffdb9ebd000 r--p 00039000 08:12 6694676                    /usr/lib/jvm/java-7-openjdk-amd64/jre/lib/amd64/libjdwp.so
7ffdb9ebd000-7ffdb9ebe000 rw-p 0003a000 08:12 6694676                    /usr/lib/jvm/java-7-openjdk-amd64/jre/lib/amd64/libjdwp.so
7ffdb9ebe000-7ffdb9ee9000 r-xp 00000000 08:12 6694688                    /usr/lib/jvm/java-7-openjdk-amd64/jre/lib/amd64/libjava.so
7ffdb9ee9000-7ffdba0e8000 ---p 0002b000 08:12 6694688                    /usr/lib/jvm/java-7-openjdk-amd64/jre/lib/amd64/libjava.so
7ffdba0e8000-7ffdba0e9000 r--p 0002a000 08:12 6694688                    /usr/lib/jvm/java-7-openjdk-amd64/jre/lib/amd64/libjava.so
7ffdba0e9000-7ffdba0eb000 rw-p 0002b000 08:12 6694688                    /usr/lib/jvm/java-7-openjdk-amd64/jre/lib/amd64/libjava.so
7ffdba0eb000-7ffdba0fa000 r-xp 00000000 08:12 6694687                    /usr/lib/jvm/java-7-openjdk-amd64/jre/lib/amd64/libverify.so
7ffdba0fa000-7ffdba2f9000 ---p 0000f000 08:12 6694687                    /usr/lib/jvm/java-7-openjdk-amd64/jre/lib/amd64/libverify.so
7ffdba2f9000-7ffdba2fb000 r--p 0000e000 08:12 6694687                    /usr/lib/jvm/java-7-openjdk-amd64/jre/lib/amd64/libverify.so
7ffdba2fb000-7ffdba2fc000 rw-p 00010000 08:12 6694687                    /usr/lib/jvm/java-7-openjdk-amd64/jre/lib/amd64/libverify.so
7ffdba2fc000-7ffdba303000 r-xp 00000000 08:12 4460172                    /lib/x86_64-linux-gnu/librt-2.17.so
7ffdba303000-7ffdba502000 ---p 00007000 08:12 4460172                    /lib/x86_64-linux-gnu/librt-2.17.so
7ffdba502000-7ffdba503000 r--p 00006000 08:12 4460172                    /lib/x86_64-linux-gnu/librt-2.17.so
7ffdba503000-7ffdba504000 rw-p 00007000 08:12 4460172                    /lib/x86_64-linux-gnu/librt-2.17.so
7ffdba504000-7ffdba518000 r-xp 00000000 08:12 4460170                    /lib/x86_64-linux-gnu/libgcc_s.so.1
7ffdba518000-7ffdba718000 ---p 00014000 08:12 4460170                    /lib/x86_64-linux-gnu/libgcc_s.so.1
7ffdba718000-7ffdba719000 r--p 00014000 08:12 4460170                    /lib/x86_64-linux-gnu/libgcc_s.so.1
7ffdba719000-7ffdba71a000 rw-p 00015000 08:12 4460170                    /lib/x86_64-linux-gnu/libgcc_s.so.1
7ffdba71a000-7ffdba81d000 r-xp 00000000 08:12 4461548                    /lib/x86_64-linux-gnu/libm-2.17.so
7ffdba81d000-7ffdbaa1d000 ---p 00103000 08:12 4461548                    /lib/x86_64-linux-gnu/libm-2.17.so
7ffdbaa1d000-7ffdbaa1e000 r--p 00103000 08:12 4461548                    /lib/x86_64-linux-gnu/libm-2.17.so
7ffdbaa1e000-7ffdbaa1f000 rw-p 00104000 08:12 4461548                    /lib/x86_64-linux-gnu/libm-2.17.so
7ffdbaa1f000-7ffdbab04000 r-xp 00000000 08:12 6561403                    /usr/lib/x86_64-linux-gnu/libstdc++.so.6.0.17
7ffdbab04000-7ffdbad03000 ---p 000e5000 08:12 6561403                    /usr/lib/x86_64-linux-gnu/libstdc++.so.6.0.17
7ffdbad03000-7ffdbad0b000 r--p 000e4000 08:12 6561403                    /usr/lib/x86_64-linux-gnu/libstdc++.so.6.0.17
7ffdbad0b000-7ffdbad0d000 rw-p 000ec000 08:12 6561403                    /usr/lib/x86_64-linux-gnu/libstdc++.so.6.0.17
7ffdbad0d000-7ffdbad22000 rw-p 00000000 00:00 0 
7ffdbad22000-7ffdbb7e8000 r-xp 00000000 08:12 6694692                    /usr/lib/jvm/java-7-openjdk-amd64/jre/lib/amd64/server/libjvm.so
7ffdbb7e8000-7ffdbb9e8000 ---p 00ac6000 08:12 6694692                    /usr/lib/jvm/java-7-openjdk-amd64/jre/lib/amd64/server/libjvm.so
7ffdbb9e8000-7ffdbba80000 r--p 00ac6000 08:12 6694692                    /usr/lib/jvm/java-7-openjdk-amd64/jre/lib/amd64/server/libjvm.so
7ffdbba80000-7ffdbbaa3000 rw-p 00b5e000 08:12 6694692                    /usr/lib/jvm/java-7-openjdk-amd64/jre/lib/amd64/server/libjvm.so
7ffdbbaa3000-7ffdbbad0000 rw-p 00000000 00:00 0 
7ffdbbad0000-7ffdbbae6000 r-xp 00000000 08:12 4460298                    /lib/x86_64-linux-gnu/libz.so.1.2.7
7ffdbbae6000-7ffdbbce5000 ---p 00016000 08:12 4460298                    /lib/x86_64-linux-gnu/libz.so.1.2.7
7ffdbbce5000-7ffdbbce6000 r--p 00015000 08:12 4460298                    /lib/x86_64-linux-gnu/libz.so.1.2.7
7ffdbbce6000-7ffdbbce7000 rw-p 00016000 08:12 4460298                    /lib/x86_64-linux-gnu/libz.so.1.2.7
7ffdbbce7000-7ffdbbcff000 r-xp 00000000 08:12 4460074                    /lib/x86_64-linux-gnu/libpthread-2.17.so
7ffdbbcff000-7ffdbbefe000 ---p 00018000 08:12 4460074                    /lib/x86_64-linux-gnu/libpthread-2.17.so
7ffdbbefe000-7ffdbbeff000 r--p 00017000 08:12 4460074                    /lib/x86_64-linux-gnu/libpthread-2.17.so
7ffdbbeff000-7ffdbbf00000 rw-p 00018000 08:12 4460074                    /lib/x86_64-linux-gnu/libpthread-2.17.so
7ffdbbf00000-7ffdbbf04000 rw-p 00000000 00:00 0 
7ffdbbf04000-7ffdbbf07000 r-xp 00000000 08:12 4460155                    /lib/x86_64-linux-gnu/libdl-2.17.so
7ffdbbf07000-7ffdbc106000 ---p 00003000 08:12 4460155                    /lib/x86_64-linux-gnu/libdl-2.17.so
7ffdbc106000-7ffdbc107000 r--p 00002000 08:12 4460155                    /lib/x86_64-linux-gnu/libdl-2.17.so
7ffdbc107000-7ffdbc108000 rw-p 00003000 08:12 4460155                    /lib/x86_64-linux-gnu/libdl-2.17.so
7ffdbc108000-7ffdbc2c7000 r-xp 00000000 08:12 4461551                    /lib/x86_64-linux-gnu/libc-2.17.so
7ffdbc2c7000-7ffdbc4c6000 ---p 001bf000 08:12 4461551                    /lib/x86_64-linux-gnu/libc-2.17.so
7ffdbc4c6000-7ffdbc4ca000 r--p 001be000 08:12 4461551                    /lib/x86_64-linux-gnu/libc-2.17.so
7ffdbc4ca000-7ffdbc4cc000 rw-p 001c2000 08:12 4461551                    /lib/x86_64-linux-gnu/libc-2.17.so
7ffdbc4cc000-7ffdbc4d1000 rw-p 00000000 00:00 0 
7ffdbc4d1000-7ffdbc4de000 r-xp 00000000 08:12 6694668                    /usr/lib/jvm/java-7-openjdk-amd64/jre/lib/amd64/jli/libjli.so
7ffdbc4de000-7ffdbc6dd000 ---p 0000d000 08:12 6694668                    /usr/lib/jvm/java-7-openjdk-amd64/jre/lib/amd64/jli/libjli.so
7ffdbc6dd000-7ffdbc6de000 r--p 0000c000 08:12 6694668                    /usr/lib/jvm/java-7-openjdk-amd64/jre/lib/amd64/jli/libjli.so
7ffdbc6de000-7ffdbc6df000 rw-p 0000d000 08:12 6694668                    /usr/lib/jvm/java-7-openjdk-amd64/jre/lib/amd64/jli/libjli.so
7ffdbc6df000-7ffdbc702000 r-xp 00000000 08:12 4456549                    /lib/x86_64-linux-gnu/ld-2.17.so
7ffdbc70b000-7ffdbc711000 r--s 0003d000 08:12 14290859                   /home/brawner/workspace/java/baking/lib/snakeyaml-1.13.jar
7ffdbc711000-7ffdbc71b000 rw-p 00000000 00:00 0 
7ffdbc71b000-7ffdbc7d1000 rw-p 00000000 00:00 0 
7ffdbc7d1000-7ffdbc7d4000 ---p 00000000 00:00 0 
7ffdbc7d4000-7ffdbc8d7000 rw-p 00000000 00:00 0                          [stack:27507]
7ffdbc8da000-7ffdbc8db000 rw-p 00000000 00:00 0 
7ffdbc8db000-7ffdbc8e1000 r--s 00036000 08:12 14287969                   /home/brawner/workspace/java/baking/lib/junit-4.11.jar
7ffdbc8e1000-7ffdbc8e3000 r--s 00009000 08:12 14287968                   /home/brawner/workspace/java/baking/lib/hamcrest-core-1.3.jar
7ffdbc8e3000-7ffdbc8e5000 r--s 00012000 08:12 6567365                    /usr/lib/jvm/java-7-openjdk-amd64/jre/lib/ext/zipfs.jar
7ffdbc8e5000-7ffdbc8e9000 r--s 00085000 08:12 6567371                    /usr/lib/jvm/java-7-openjdk-amd64/jre/lib/ext/localedata.jar
7ffdbc8e9000-7ffdbc8ec000 r--s 00032000 08:12 6567363                    /usr/lib/jvm/java-7-openjdk-amd64/jre/lib/ext/sunjce_provider.jar
7ffdbc8ec000-7ffdbc8f0000 r--s 0003b000 08:12 6567361                    /usr/lib/jvm/java-7-openjdk-amd64/jre/lib/ext/sunpkcs11.jar
7ffdbc8f0000-7ffdbc8f2000 r--s 0000f000 08:12 6567369                    /usr/lib/jvm/java-7-openjdk-amd64/jre/lib/ext/pulse-java.jar
7ffdbc8f2000-7ffdbc8f3000 r--s 00002000 08:12 6567367                    /usr/lib/jvm/java-7-openjdk-amd64/jre/lib/ext/dnsns.jar
7ffdbc8f3000-7ffdbc8f5000 r--s 00006000 08:12 6952886                    /usr/share/java/java-atk-wrapper.jar
7ffdbc8f5000-7ffdbc8fd000 rw-s 00000000 08:12 7214466                    /tmp/hsperfdata_brawner/27500
7ffdbc8fd000-7ffdbc8fe000 rw-p 00000000 00:00 0 
7ffdbc8fe000-7ffdbc8ff000 ---p 00000000 00:00 0 
7ffdbc8ff000-7ffdbc901000 rw-p 00000000 00:00 0 
7ffdbc901000-7ffdbc902000 r--p 00022000 08:12 4456549                    /lib/x86_64-linux-gnu/ld-2.17.so
7ffdbc902000-7ffdbc904000 rw-p 00023000 08:12 4456549                    /lib/x86_64-linux-gnu/ld-2.17.so
7fffeff94000-7fffeffb5000 rw-p 00000000 00:00 0                          [stack]
7fffefffe000-7ffff0000000 r-xp 00000000 00:00 0                          [vdso]
ffffffffff600000-ffffffffff601000 r-xp 00000000 00:00 0                  [vsyscall]

VM Arguments:
jvm_args: -agentlib:jdwp=transport=dt_socket,suspend=y,address=localhost:56442 -Xms1g -Xmx16g -Dfile.encoding=UTF-8 
java_command: edu.brown.cs.h2r.baking.KitchenDomain
Launcher Type: SUN_STANDARD

Environment Variables:
PATH=/usr/lib/lightdm/lightdm:/usr/local/sbin:/usr/local/bin:/usr/sbin:/usr/bin:/sbin:/bin:/usr/games:/usr/local/games
SHELL=/bin/bash
DISPLAY=:0

Signal Handlers:
SIGSEGV: [libjvm.so+0x8f8310], sa_mask[0]=0x7ffbfeff, sa_flags=0x10000004
SIGBUS: [libjvm.so+0x8f8310], sa_mask[0]=0x7ffbfeff, sa_flags=0x10000004
SIGFPE: [libjvm.so+0x781ce0], sa_mask[0]=0x7ffbfeff, sa_flags=0x10000004
SIGPIPE: [libjvm.so+0x781ce0], sa_mask[0]=0x7ffbfeff, sa_flags=0x10000004
SIGXFSZ: [libjvm.so+0x781ce0], sa_mask[0]=0x7ffbfeff, sa_flags=0x10000004
SIGILL: [libjvm.so+0x781ce0], sa_mask[0]=0x7ffbfeff, sa_flags=0x10000004
SIGUSR1: SIG_DFL, sa_mask[0]=0x00000000, sa_flags=0x00000000
SIGUSR2: [libjvm.so+0x781fd0], sa_mask[0]=0x00000004, sa_flags=0x10000004
SIGHUP: [libjvm.so+0x782140], sa_mask[0]=0x7ffbfeff, sa_flags=0x10000004
SIGINT: [libjvm.so+0x782140], sa_mask[0]=0x7ffbfeff, sa_flags=0x10000004
SIGTERM: [libjvm.so+0x782140], sa_mask[0]=0x7ffbfeff, sa_flags=0x10000004
SIGQUIT: [libjvm.so+0x782140], sa_mask[0]=0x7ffbfeff, sa_flags=0x10000004


---------------  S Y S T E M  ---------------

OS:Ubuntu 13.04 (raring)
uname:Linux 3.8.0-35-generic #50-Ubuntu SMP Tue Dec 3 01:24:59 UTC 2013 x86_64
libc:glibc 2.17 NPTL 2.17 
rlimit: STACK 8192k, CORE 0k, NPROC 127275, NOFILE 4096, AS infinity
load average:17.85 15.77 12.19

/proc/meminfo:
MemTotal:       16350944 kB
MemFree:          170616 kB
Buffers:            5200 kB
Cached:           112828 kB
SwapCached:       866788 kB
Active:         14266936 kB
Inactive:        1571932 kB
Active(anon):   14218804 kB
Inactive(anon):  1530692 kB
Active(file):      48132 kB
Inactive(file):    41240 kB
Unevictable:          32 kB
Mlocked:              32 kB
SwapTotal:      16238588 kB
SwapFree:         377872 kB
Dirty:               168 kB
Writeback:           280 kB
AnonPages:      14859360 kB
Mapped:            86056 kB
Shmem:             28808 kB
Slab:             101204 kB
SReclaimable:      37320 kB
SUnreclaim:        63884 kB
KernelStack:        6656 kB
PageTables:       105652 kB
NFS_Unstable:          0 kB
Bounce:                0 kB
WritebackTmp:          0 kB
CommitLimit:    24414060 kB
Committed_AS:   35624792 kB
VmallocTotal:   34359738367 kB
VmallocUsed:      373008 kB
VmallocChunk:   34359306508 kB
HardwareCorrupted:     0 kB
AnonHugePages:         0 kB
HugePages_Total:       0
HugePages_Free:        0
HugePages_Rsvd:        0
HugePages_Surp:        0
Hugepagesize:       2048 kB
DirectMap4k:      100352 kB
DirectMap2M:     4032512 kB
DirectMap1G:    12582912 kB


CPU:total 8 (4 cores per cpu, 2 threads per core) family 6 model 60 stepping 3, cmov, cx8, fxsr, mmx, sse, sse2, sse3, ssse3, sse4.1, sse4.2, popcnt, avx, avx2, aes, erms, ht, tsc, tscinvbit

/proc/cpuinfo:
processor	: 0
vendor_id	: GenuineIntel
cpu family	: 6
model		: 60
model name	: Intel(R) Core(TM) i7-4700HQ CPU @ 2.40GHz
stepping	: 3
microcode	: 0x8
cpu MHz		: 2401.000
cache size	: 6144 KB
physical id	: 0
siblings	: 8
core id		: 0
cpu cores	: 4
apicid		: 0
initial apicid	: 0
fpu		: yes
fpu_exception	: yes
cpuid level	: 13
wp		: yes
flags		: fpu vme de pse tsc msr pae mce cx8 apic sep mtrr pge mca cmov pat pse36 clflush dts acpi mmx fxsr sse sse2 ss ht tm pbe syscall nx pdpe1gb rdtscp lm constant_tsc arch_perfmon pebs bts rep_good nopl xtopology nonstop_tsc aperfmperf eagerfpu pni pclmulqdq dtes64 monitor ds_cpl vmx est tm2 ssse3 fma cx16 xtpr pdcm pcid sse4_1 sse4_2 x2apic movbe popcnt tsc_deadline_timer aes xsave avx f16c rdrand lahf_lm abm ida arat epb xsaveopt pln pts dtherm tpr_shadow vnmi flexpriority ept vpid fsgsbase tsc_adjust bmi1 avx2 smep bmi2 erms invpcid
bogomips	: 4789.35
clflush size	: 64
cache_alignment	: 64
address sizes	: 39 bits physical, 48 bits virtual
power management:

processor	: 1
vendor_id	: GenuineIntel
cpu family	: 6
model		: 60
model name	: Intel(R) Core(TM) i7-4700HQ CPU @ 2.40GHz
stepping	: 3
microcode	: 0x8
cpu MHz		: 2401.000
cache size	: 6144 KB
physical id	: 0
siblings	: 8
core id		: 1
cpu cores	: 4
apicid		: 2
initial apicid	: 2
fpu		: yes
fpu_exception	: yes
cpuid level	: 13
wp		: yes
flags		: fpu vme de pse tsc msr pae mce cx8 apic sep mtrr pge mca cmov pat pse36 clflush dts acpi mmx fxsr sse sse2 ss ht tm pbe syscall nx pdpe1gb rdtscp lm constant_tsc arch_perfmon pebs bts rep_good nopl xtopology nonstop_tsc aperfmperf eagerfpu pni pclmulqdq dtes64 monitor ds_cpl vmx est tm2 ssse3 fma cx16 xtpr pdcm pcid sse4_1 sse4_2 x2apic movbe popcnt tsc_deadline_timer aes xsave avx f16c rdrand lahf_lm abm ida arat epb xsaveopt pln pts dtherm tpr_shadow vnmi flexpriority ept vpid fsgsbase tsc_adjust bmi1 avx2 smep bmi2 erms invpcid
bogomips	: 4789.35
clflush size	: 64
cache_alignment	: 64
address sizes	: 39 bits physical, 48 bits virtual
power management:

processor	: 2
vendor_id	: GenuineIntel
cpu family	: 6
model		: 60
model name	: Intel(R) Core(TM) i7-4700HQ CPU @ 2.40GHz
stepping	: 3
microcode	: 0x8
cpu MHz		: 2401.000
cache size	: 6144 KB
physical id	: 0
siblings	: 8
core id		: 2
cpu cores	: 4
apicid		: 4
initial apicid	: 4
fpu		: yes
fpu_exception	: yes
cpuid level	: 13
wp		: yes
flags		: fpu vme de pse tsc msr pae mce cx8 apic sep mtrr pge mca cmov pat pse36 clflush dts acpi mmx fxsr sse sse2 ss ht tm pbe syscall nx pdpe1gb rdtscp lm constant_tsc arch_perfmon pebs bts rep_good nopl xtopology nonstop_tsc aperfmperf eagerfpu pni pclmulqdq dtes64 monitor ds_cpl vmx est tm2 ssse3 fma cx16 xtpr pdcm pcid sse4_1 sse4_2 x2apic movbe popcnt tsc_deadline_timer aes xsave avx f16c rdrand lahf_lm abm ida arat epb xsaveopt pln pts dtherm tpr_shadow vnmi flexpriority ept vpid fsgsbase tsc_adjust bmi1 avx2 smep bmi2 erms invpcid
bogomips	: 4789.35
clflush size	: 64
cache_alignment	: 64
address sizes	: 39 bits physical, 48 bits virtual
power management:

processor	: 3
vendor_id	: GenuineIntel
cpu family	: 6
model		: 60
model name	: Intel(R) Core(TM) i7-4700HQ CPU @ 2.40GHz
stepping	: 3
microcode	: 0x8
cpu MHz		: 2401.000
cache size	: 6144 KB
physical id	: 0
siblings	: 8
core id		: 3
cpu cores	: 4
apicid		: 6
initial apicid	: 6
fpu		: yes
fpu_exception	: yes
cpuid level	: 13
wp		: yes
flags		: fpu vme de pse tsc msr pae mce cx8 apic sep mtrr pge mca cmov pat pse36 clflush dts acpi mmx fxsr sse sse2 ss ht tm pbe syscall nx pdpe1gb rdtscp lm constant_tsc arch_perfmon pebs bts rep_good nopl xtopology nonstop_tsc aperfmperf eagerfpu pni pclmulqdq dtes64 monitor ds_cpl vmx est tm2 ssse3 fma cx16 xtpr pdcm pcid sse4_1 sse4_2 x2apic movbe popcnt tsc_deadline_timer aes xsave avx f16c rdrand lahf_lm abm ida arat epb xsaveopt pln pts dtherm tpr_shadow vnmi flexpriority ept vpid fsgsbase tsc_adjust bmi1 avx2 smep bmi2 erms invpcid
bogomips	: 4789.35
clflush size	: 64
cache_alignment	: 64
address sizes	: 39 bits physical, 48 bits virtual
power management:

processor	: 4
vendor_id	: GenuineIntel
cpu family	: 6
model		: 60
model name	: Intel(R) Core(TM) i7-4700HQ CPU @ 2.40GHz
stepping	: 3
microcode	: 0x8
cpu MHz		: 2401.000
cache size	: 6144 KB
physical id	: 0
siblings	: 8
core id		: 0
cpu cores	: 4
apicid		: 1
initial apicid	: 1
fpu		: yes
fpu_exception	: yes
cpuid level	: 13
wp		: yes
flags		: fpu vme de pse tsc msr pae mce cx8 apic sep mtrr pge mca cmov pat pse36 clflush dts acpi mmx fxsr sse sse2 ss ht tm pbe syscall nx pdpe1gb rdtscp lm constant_tsc arch_perfmon pebs bts rep_good nopl xtopology nonstop_tsc aperfmperf eagerfpu pni pclmulqdq dtes64 monitor ds_cpl vmx est tm2 ssse3 fma cx16 xtpr pdcm pcid sse4_1 sse4_2 x2apic movbe popcnt tsc_deadline_timer aes xsave avx f16c rdrand lahf_lm abm ida arat epb xsaveopt pln pts dtherm tpr_shadow vnmi flexpriority ept vpid fsgsbase tsc_adjust bmi1 avx2 smep bmi2 erms invpcid
bogomips	: 4789.35
clflush size	: 64
cache_alignment	: 64
address sizes	: 39 bits physical, 48 bits virtual
power management:

processor	: 5
vendor_id	: GenuineIntel
cpu family	: 6
model		: 60
model name	: Intel(R) Core(TM) i7-4700HQ CPU @ 2.40GHz
stepping	: 3
microcode	: 0x8
cpu MHz		: 2401.000
cache size	: 6144 KB
physical id	: 0
siblings	: 8
core id		: 1
cpu cores	: 4
apicid		: 3
initial apicid	: 3
fpu		: yes
fpu_exception	: yes
cpuid level	: 13
wp		: yes
flags		: fpu vme de pse tsc msr pae mce cx8 apic sep mtrr pge mca cmov pat pse36 clflush dts acpi mmx fxsr sse sse2 ss ht tm pbe syscall nx pdpe1gb rdtscp lm constant_tsc arch_perfmon pebs bts rep_good nopl xtopology nonstop_tsc aperfmperf eagerfpu pni pclmulqdq dtes64 monitor ds_cpl vmx est tm2 ssse3 fma cx16 xtpr pdcm pcid sse4_1 sse4_2 x2apic movbe popcnt tsc_deadline_timer aes xsave avx f16c rdrand lahf_lm abm ida arat epb xsaveopt pln pts dtherm tpr_shadow vnmi flexpriority ept vpid fsgsbase tsc_adjust bmi1 avx2 smep bmi2 erms invpcid
bogomips	: 4789.35
clflush size	: 64
cache_alignment	: 64
address sizes	: 39 bits physical, 48 bits virtual
power management:

processor	: 6
vendor_id	: GenuineIntel
cpu family	: 6
model		: 60
model name	: Intel(R) Core(TM) i7-4700HQ CPU @ 2.40GHz
stepping	: 3
microcode	: 0x8
cpu MHz		: 2401.000
cache size	: 6144 KB
physical id	: 0
siblings	: 8
core id		: 2
cpu cores	: 4
apicid		: 5
initial apicid	: 5
fpu		: yes
fpu_exception	: yes
cpuid level	: 13
wp		: yes
flags		: fpu vme de pse tsc msr pae mce cx8 apic sep mtrr pge mca cmov pat pse36 clflush dts acpi mmx fxsr sse sse2 ss ht tm pbe syscall nx pdpe1gb rdtscp lm constant_tsc arch_perfmon pebs bts rep_good nopl xtopology nonstop_tsc aperfmperf eagerfpu pni pclmulqdq dtes64 monitor ds_cpl vmx est tm2 ssse3 fma cx16 xtpr pdcm pcid sse4_1 sse4_2 x2apic movbe popcnt tsc_deadline_timer aes xsave avx f16c rdrand lahf_lm abm ida arat epb xsaveopt pln pts dtherm tpr_shadow vnmi flexpriority ept vpid fsgsbase tsc_adjust bmi1 avx2 smep bmi2 erms invpcid
bogomips	: 4789.35
clflush size	: 64
cache_alignment	: 64
address sizes	: 39 bits physical, 48 bits virtual
power management:

processor	: 7
vendor_id	: GenuineIntel
cpu family	: 6
model		: 60
model name	: Intel(R) Core(TM) i7-4700HQ CPU @ 2.40GHz
stepping	: 3
microcode	: 0x8
cpu MHz		: 2401.000
cache size	: 6144 KB
physical id	: 0
siblings	: 8
core id		: 3
cpu cores	: 4
apicid		: 7
initial apicid	: 7
fpu		: yes
fpu_exception	: yes
cpuid level	: 13
wp		: yes
flags		: fpu vme de pse tsc msr pae mce cx8 apic sep mtrr pge mca cmov pat pse36 clflush dts acpi mmx fxsr sse sse2 ss ht tm pbe syscall nx pdpe1gb rdtscp lm constant_tsc arch_perfmon pebs bts rep_good nopl xtopology nonstop_tsc aperfmperf eagerfpu pni pclmulqdq dtes64 monitor ds_cpl vmx est tm2 ssse3 fma cx16 xtpr pdcm pcid sse4_1 sse4_2 x2apic movbe popcnt tsc_deadline_timer aes xsave avx f16c rdrand lahf_lm abm ida arat epb xsaveopt pln pts dtherm tpr_shadow vnmi flexpriority ept vpid fsgsbase tsc_adjust bmi1 avx2 smep bmi2 erms invpcid
bogomips	: 4789.35
clflush size	: 64
cache_alignment	: 64
address sizes	: 39 bits physical, 48 bits virtual
power management:



Memory: 4k page, physical 16350944k(170616k free), swap 16238588k(377872k free)

vm_info: OpenJDK 64-Bit Server VM (24.45-b08) for linux-amd64 JRE (1.7.0_51-b00), built on Jan 16 2014 18:17:06 by "buildd" with gcc 4.7.3

time: Thu Aug 28 15:15:06 2014
elapsed time: 1527 seconds

